[INFO] 2016-09-18 00:41:26 [gated] [./game/gated.lua:19] precreate 10 agents
[INFO] 2016-09-18 00:41:59 [msgagent] [./game/msgagent.lua:99] 13 is login
[INFO] 2016-09-18 00:41:59 [gated] [./game/gated.lua:33] notify agent uid=13 is real login
[INFO] 2016-09-18 00:41:59 [msgagent] [./game/msgagent.lua:112] 13 is real login
[INFO] 2016-09-18 00:41:59 [msgagent] [./game/msgagent.lua:113] call dcmgr to load user data uid=13
[INFO] 2016-09-18 00:42:30 [msgagent] [./game/msgagent.lua:99] 13 is login
[INFO] 2016-09-18 00:42:30 [gated] [./game/gated.lua:33] notify agent uid=13 is real login
[INFO] 2016-09-18 00:42:30 [msgagent] [./game/msgagent.lua:112] 13 is real login
[INFO] 2016-09-18 00:42:30 [msgagent] [./game/msgagent.lua:113] call dcmgr to load user data uid=13
[INFO] 2016-09-18 00:42:30 [msgagent] [./game/msgagent.lua:176] calling to user.UserInfoRequest
[INFO] 2016-09-18 00:42:30 [msgagent] [./game/msgagent.lua:193] process user.UserInfoRequest time used 0.000000 ms
[INFO] 2016-09-18 00:43:18 [msgagent] [./game/msgagent.lua:99] 13 is login
[INFO] 2016-09-18 00:43:18 [gated] [./game/gated.lua:33] notify agent uid=13 is real login
[INFO] 2016-09-18 00:43:18 [msgagent] [./game/msgagent.lua:112] 13 is real login
[INFO] 2016-09-18 00:43:18 [msgagent] [./game/msgagent.lua:113] call dcmgr to load user data uid=13
[INFO] 2016-09-18 00:43:18 [msgagent] [./game/msgagent.lua:176] calling to user.UserInfoRequest
[INFO] 2016-09-18 00:43:18 [msgagent] [./game/msgagent.lua:193] process user.UserInfoRequest time used 0.000000 ms
[INFO] 2016-09-18 00:43:45 [msgagent] [./game/msgagent.lua:99] 13 is login
[INFO] 2016-09-18 00:43:45 [gated] [./game/gated.lua:33] notify agent uid=13 is real login
[INFO] 2016-09-18 00:43:45 [msgagent] [./game/msgagent.lua:112] 13 is real login
[INFO] 2016-09-18 00:43:45 [msgagent] [./game/msgagent.lua:113] call dcmgr to load user data uid=13
[INFO] 2016-09-18 00:43:45 [msgagent] [./game/msgagent.lua:176] calling to user.UserInfoRequest
[INFO] 2016-09-18 00:43:45 [msgagent] [./game/msgagent.lua:193] process user.UserInfoRequest time used 0.000000 ms
[INFO] 2016-09-18 00:49:10 [gated] [./game/gated.lua:19] precreate 10 agents
[INFO] 2016-09-18 00:49:14 [msgagent] [./game/msgagent.lua:99] 13 is login
[INFO] 2016-09-18 00:49:14 [gated] [./game/gated.lua:33] notify agent uid=13 is real login
[INFO] 2016-09-18 00:49:14 [msgagent] [./game/msgagent.lua:112] 13 is real login
[INFO] 2016-09-18 00:49:14 [msgagent] [./game/msgagent.lua:113] call dcmgr to load user data uid=13
[INFO] 2016-09-18 00:50:52 [gated] [./game/gated.lua:19] precreate 10 agents
[INFO] 2016-09-18 00:50:54 [msgagent] [./game/msgagent.lua:99] 13 is login
[INFO] 2016-09-18 00:50:54 [gated] [./game/gated.lua:33] notify agent uid=13 is real login
[INFO] 2016-09-18 00:50:54 [msgagent] [./game/msgagent.lua:112] 13 is real login
[INFO] 2016-09-18 00:50:54 [msgagent] [./game/msgagent.lua:113] call dcmgr to load user data uid=13
[INFO] 2016-09-18 00:51:22 [gated] [./game/gated.lua:19] precreate 10 agents
[INFO] 2016-09-18 00:51:29 [msgagent] [./game/msgagent.lua:99] 13 is login
[INFO] 2016-09-18 00:51:29 [gated] [./game/gated.lua:33] notify agent uid=13 is real login
[INFO] 2016-09-18 00:51:29 [msgagent] [./game/msgagent.lua:112] 13 is real login
[INFO] 2016-09-18 00:51:29 [msgagent] [./game/msgagent.lua:113] call dcmgr to load user data uid=13
[INFO] 2016-09-18 00:51:32 [msgagent] [./game/msgagent.lua:99] 13 is login
[INFO] 2016-09-18 00:51:32 [gated] [./game/gated.lua:33] notify agent uid=13 is real login
[INFO] 2016-09-18 00:51:32 [msgagent] [./game/msgagent.lua:112] 13 is real login
[INFO] 2016-09-18 00:51:32 [msgagent] [./game/msgagent.lua:113] call dcmgr to load user data uid=13
[INFO] 2016-09-18 00:51:32 [msgagent] [./game/msgagent.lua:176] calling to user.UserInfoRequest
[INFO] 2016-09-18 00:51:32 [msgagent] [./game/msgagent.lua:193] process user.UserInfoRequest time used 0.000000 ms
[INFO] 2016-09-18 00:51:34 [msgagent] [./game/msgagent.lua:99] 13 is login
[INFO] 2016-09-18 00:51:34 [gated] [./game/gated.lua:33] notify agent uid=13 is real login
[INFO] 2016-09-18 00:51:34 [msgagent] [./game/msgagent.lua:112] 13 is real login
[INFO] 2016-09-18 00:51:34 [msgagent] [./game/msgagent.lua:113] call dcmgr to load user data uid=13
[INFO] 2016-09-18 00:51:34 [msgagent] [./game/msgagent.lua:176] calling to user.UserInfoRequest
[INFO] 2016-09-18 00:51:34 [msgagent] [./game/msgagent.lua:193] process user.UserInfoRequest time used 0.000000 ms
[INFO] 2016-09-18 00:51:36 [msgagent] [./game/msgagent.lua:99] 13 is login
[INFO] 2016-09-18 00:51:36 [gated] [./game/gated.lua:33] notify agent uid=13 is real login
[INFO] 2016-09-18 00:51:36 [msgagent] [./game/msgagent.lua:112] 13 is real login
[INFO] 2016-09-18 00:51:36 [msgagent] [./game/msgagent.lua:113] call dcmgr to load user data uid=13
[INFO] 2016-09-18 00:51:36 [msgagent] [./game/msgagent.lua:176] calling to user.UserInfoRequest
[INFO] 2016-09-18 00:51:36 [msgagent] [./game/msgagent.lua:193] process user.UserInfoRequest time used 0.000000 ms
[INFO] 2016-09-18 00:51:37 [msgagent] [./game/msgagent.lua:99] 13 is login
[INFO] 2016-09-18 00:51:37 [gated] [./game/gated.lua:33] notify agent uid=13 is real login
[INFO] 2016-09-18 00:51:37 [msgagent] [./game/msgagent.lua:112] 13 is real login
[INFO] 2016-09-18 00:51:37 [msgagent] [./game/msgagent.lua:113] call dcmgr to load user data uid=13
[INFO] 2016-09-18 00:51:38 [msgagent] [./game/msgagent.lua:99] 13 is login
[INFO] 2016-09-18 00:51:38 [gated] [./game/gated.lua:33] notify agent uid=13 is real login
[INFO] 2016-09-18 00:51:38 [msgagent] [./game/msgagent.lua:112] 13 is real login
[INFO] 2016-09-18 00:51:38 [msgagent] [./game/msgagent.lua:113] call dcmgr to load user data uid=13
[INFO] 2016-09-18 00:51:38 [msgagent] [./game/msgagent.lua:176] calling to user.UserInfoRequest
[INFO] 2016-09-18 00:51:38 [msgagent] [./game/msgagent.lua:193] process user.UserInfoRequest time used 0.000000 ms
[INFO] 2016-09-18 00:51:39 [msgagent] [./game/msgagent.lua:99] 13 is login
[INFO] 2016-09-18 00:51:39 [gated] [./game/gated.lua:33] notify agent uid=13 is real login
[INFO] 2016-09-18 00:51:39 [msgagent] [./game/msgagent.lua:112] 13 is real login
[INFO] 2016-09-18 00:51:39 [msgagent] [./game/msgagent.lua:113] call dcmgr to load user data uid=13
[INFO] 2016-09-18 00:51:39 [msgagent] [./game/msgagent.lua:176] calling to user.UserInfoRequest
[INFO] 2016-09-18 00:51:39 [msgagent] [./game/msgagent.lua:193] process user.UserInfoRequest time used 0.000000 ms
[INFO] 2016-09-18 00:52:10 [msgagent] [./game/msgagent.lua:99] 13 is login
[INFO] 2016-09-18 00:52:10 [gated] [./game/gated.lua:33] notify agent uid=13 is real login
[INFO] 2016-09-18 00:52:10 [msgagent] [./game/msgagent.lua:112] 13 is real login
[INFO] 2016-09-18 00:52:10 [msgagent] [./game/msgagent.lua:113] call dcmgr to load user data uid=13
[INFO] 2016-09-18 00:52:11 [msgagent] [./game/msgagent.lua:176] calling to user.UserInfoRequest
[INFO] 2016-09-18 00:52:11 [msgagent] [./game/msgagent.lua:193] process user.UserInfoRequest time used 0.000000 ms
[INFO] 2016-09-18 00:52:13 [gated] [./game/gated.lua:19] precreate 10 agents
[INFO] 2016-09-18 00:52:16 [msgagent] [./game/msgagent.lua:99] 13 is login
[INFO] 2016-09-18 00:52:16 [gated] [./game/gated.lua:33] notify agent uid=13 is real login
[INFO] 2016-09-18 00:52:16 [msgagent] [./game/msgagent.lua:112] 13 is real login
[INFO] 2016-09-18 00:52:16 [msgagent] [./game/msgagent.lua:113] call dcmgr to load user data uid=13
[INFO] 2016-09-18 00:52:17 [msgagent] [./game/msgagent.lua:99] 13 is login
[INFO] 2016-09-18 00:52:17 [gated] [./game/gated.lua:33] notify agent uid=13 is real login
[INFO] 2016-09-18 00:52:17 [msgagent] [./game/msgagent.lua:112] 13 is real login
[INFO] 2016-09-18 00:52:17 [msgagent] [./game/msgagent.lua:113] call dcmgr to load user data uid=13
[INFO] 2016-09-18 00:52:17 [msgagent] [./game/msgagent.lua:176] calling to user.UserInfoRequest
[INFO] 2016-09-18 00:52:17 [msgagent] [./game/msgagent.lua:193] process user.UserInfoRequest time used 0.000000 ms
[INFO] 2016-09-18 00:59:59 [gated] [./game/gated.lua:19] precreate 10 agents
[INFO] 2016-09-18 01:02:07 [msgagent] [./game/msgagent.lua:99] 13 is login
[INFO] 2016-09-18 01:02:07 [gated] [./game/gated.lua:33] notify agent uid=13 is real login
[INFO] 2016-09-18 01:02:07 [msgagent] [./game/msgagent.lua:112] 13 is real login
[INFO] 2016-09-18 01:02:07 [msgagent] [./game/msgagent.lua:113] call dcmgr to load user data uid=13
[INFO] 2016-09-18 01:02:42 [msgagent] [./game/msgagent.lua:99] 13 is login
[INFO] 2016-09-18 01:02:42 [gated] [./game/gated.lua:33] notify agent uid=13 is real login
[INFO] 2016-09-18 01:02:42 [msgagent] [./game/msgagent.lua:112] 13 is real login
[INFO] 2016-09-18 01:02:42 [msgagent] [./game/msgagent.lua:113] call dcmgr to load user data uid=13
[INFO] 2016-09-18 01:02:42 [msgagent] [./game/msgagent.lua:176] calling to user.UserInfoRequest
[INFO] 2016-09-18 01:02:42 [msgagent] [./game/msgagent.lua:193] process user.UserInfoRequest time used 0.000000 ms
[INFO] 2016-09-18 01:02:48 [msgagent] [./game/msgagent.lua:99] 13 is login
[INFO] 2016-09-18 01:02:48 [gated] [./game/gated.lua:33] notify agent uid=13 is real login
[INFO] 2016-09-18 01:02:48 [msgagent] [./game/msgagent.lua:112] 13 is real login
[INFO] 2016-09-18 01:02:48 [msgagent] [./game/msgagent.lua:113] call dcmgr to load user data uid=13
[INFO] 2016-09-18 01:02:48 [msgagent] [./game/msgagent.lua:176] calling to user.UserInfoRequest
[INFO] 2016-09-18 01:02:48 [msgagent] [./game/msgagent.lua:193] process user.UserInfoRequest time used 0.000000 ms
[INFO] 2016-09-18 01:02:49 [msgagent] [./game/msgagent.lua:99] 13 is login
[INFO] 2016-09-18 01:02:49 [gated] [./game/gated.lua:33] notify agent uid=13 is real login
[INFO] 2016-09-18 01:02:49 [msgagent] [./game/msgagent.lua:112] 13 is real login
[INFO] 2016-09-18 01:02:49 [msgagent] [./game/msgagent.lua:113] call dcmgr to load user data uid=13
[INFO] 2016-09-18 01:02:49 [msgagent] [./game/msgagent.lua:176] calling to user.UserInfoRequest
[INFO] 2016-09-18 01:02:49 [msgagent] [./game/msgagent.lua:193] process user.UserInfoRequest time used 0.000000 ms
[INFO] 2016-09-18 01:02:52 [msgagent] [./game/msgagent.lua:99] 13 is login
[INFO] 2016-09-18 01:02:52 [gated] [./game/gated.lua:33] notify agent uid=13 is real login
[INFO] 2016-09-18 01:02:52 [msgagent] [./game/msgagent.lua:112] 13 is real login
[INFO] 2016-09-18 01:02:52 [msgagent] [./game/msgagent.lua:113] call dcmgr to load user data uid=13
[INFO] 2016-09-18 01:03:11 [msgagent] [./game/msgagent.lua:99] 13 is login
[INFO] 2016-09-18 01:03:11 [gated] [./game/gated.lua:33] notify agent uid=13 is real login
[INFO] 2016-09-18 01:03:11 [msgagent] [./game/msgagent.lua:112] 13 is real login
[INFO] 2016-09-18 01:03:11 [msgagent] [./game/msgagent.lua:113] call dcmgr to load user data uid=13
[INFO] 2016-09-18 01:03:50 [msgagent] [./game/msgagent.lua:99] 13 is login
[INFO] 2016-09-18 01:03:50 [gated] [./game/gated.lua:33] notify agent uid=13 is real login
[INFO] 2016-09-18 01:03:50 [msgagent] [./game/msgagent.lua:112] 13 is real login
[INFO] 2016-09-18 01:03:50 [msgagent] [./game/msgagent.lua:113] call dcmgr to load user data uid=13
[INFO] 2016-09-18 01:03:50 [msgagent] [./game/msgagent.lua:176] calling to user.UserInfoRequest
[INFO] 2016-09-18 01:03:50 [msgagent] [./game/msgagent.lua:193] process user.UserInfoRequest time used 0.000000 ms
[INFO] 2016-09-18 01:03:51 [msgagent] [./game/msgagent.lua:99] 13 is login
[INFO] 2016-09-18 01:03:51 [gated] [./game/gated.lua:33] notify agent uid=13 is real login
[INFO] 2016-09-18 01:03:51 [msgagent] [./game/msgagent.lua:112] 13 is real login
[INFO] 2016-09-18 01:03:51 [msgagent] [./game/msgagent.lua:113] call dcmgr to load user data uid=13
[INFO] 2016-09-18 01:03:51 [msgagent] [./game/msgagent.lua:176] calling to user.UserInfoRequest
[INFO] 2016-09-18 01:03:51 [msgagent] [./game/msgagent.lua:193] process user.UserInfoRequest time used 0.000000 ms
[INFO] 2016-09-18 01:03:54 [msgagent] [./game/msgagent.lua:99] 13 is login
[INFO] 2016-09-18 01:03:54 [gated] [./game/gated.lua:33] notify agent uid=13 is real login
[INFO] 2016-09-18 01:03:54 [msgagent] [./game/msgagent.lua:112] 13 is real login
[INFO] 2016-09-18 01:03:54 [msgagent] [./game/msgagent.lua:113] call dcmgr to load user data uid=13
[INFO] 2016-09-18 01:03:54 [msgagent] [./game/msgagent.lua:176] calling to user.UserInfoRequest
[INFO] 2016-09-18 01:03:54 [msgagent] [./game/msgagent.lua:193] process user.UserInfoRequest time used 0.000000 ms
[INFO] 2016-09-18 01:03:58 [msgagent] [./game/msgagent.lua:99] 13 is login
[INFO] 2016-09-18 01:03:58 [gated] [./game/gated.lua:33] notify agent uid=13 is real login
[INFO] 2016-09-18 01:03:58 [msgagent] [./game/msgagent.lua:112] 13 is real login
[INFO] 2016-09-18 01:03:58 [msgagent] [./game/msgagent.lua:113] call dcmgr to load user data uid=13
[INFO] 2016-09-18 01:03:58 [msgagent] [./game/msgagent.lua:176] calling to user.UserInfoRequest
[INFO] 2016-09-18 01:03:58 [msgagent] [./game/msgagent.lua:193] process user.UserInfoRequest time used 0.000000 ms
[INFO] 2016-09-18 01:04:00 [msgagent] [./game/msgagent.lua:99] 13 is login
[INFO] 2016-09-18 01:04:00 [gated] [./game/gated.lua:33] notify agent uid=13 is real login
[INFO] 2016-09-18 01:04:00 [msgagent] [./game/msgagent.lua:112] 13 is real login
[INFO] 2016-09-18 01:04:00 [msgagent] [./game/msgagent.lua:113] call dcmgr to load user data uid=13
[INFO] 2016-09-18 01:04:00 [msgagent] [./game/msgagent.lua:176] calling to user.UserInfoRequest
[INFO] 2016-09-18 01:04:00 [msgagent] [./game/msgagent.lua:193] process user.UserInfoRequest time used 0.000000 ms
[INFO] 2016-09-18 01:04:13 [msgagent] [./game/msgagent.lua:99] 13 is login
[INFO] 2016-09-18 01:04:13 [gated] [./game/gated.lua:33] notify agent uid=13 is real login
[INFO] 2016-09-18 01:04:13 [msgagent] [./game/msgagent.lua:112] 13 is real login
[INFO] 2016-09-18 01:04:13 [msgagent] [./game/msgagent.lua:113] call dcmgr to load user data uid=13
[INFO] 2016-09-18 01:04:13 [msgagent] [./game/msgagent.lua:176] calling to user.UserInfoRequest
[INFO] 2016-09-18 01:04:13 [msgagent] [./game/msgagent.lua:193] process user.UserInfoRequest time used 0.000000 ms
[INFO] 2016-09-18 01:04:15 [msgagent] [./game/msgagent.lua:99] 13 is login
[INFO] 2016-09-18 01:04:15 [gated] [./game/gated.lua:33] notify agent uid=13 is real login
[INFO] 2016-09-18 01:04:15 [msgagent] [./game/msgagent.lua:112] 13 is real login
[INFO] 2016-09-18 01:04:15 [msgagent] [./game/msgagent.lua:113] call dcmgr to load user data uid=13
[INFO] 2016-09-18 01:04:15 [msgagent] [./game/msgagent.lua:176] calling to user.UserInfoRequest
[INFO] 2016-09-18 01:04:15 [msgagent] [./game/msgagent.lua:193] process user.UserInfoRequest time used 0.000000 ms
[INFO] 2016-09-18 01:08:29 [msgagent] [./game/msgagent.lua:99] 13 is login
[INFO] 2016-09-18 01:08:29 [gated] [./game/gated.lua:33] notify agent uid=13 is real login
[INFO] 2016-09-18 01:08:29 [msgagent] [./game/msgagent.lua:112] 13 is real login
[INFO] 2016-09-18 01:08:29 [msgagent] [./game/msgagent.lua:113] call dcmgr to load user data uid=13
[INFO] 2016-09-18 01:08:29 [msgagent] [./game/msgagent.lua:176] calling to user.UserInfoRequest
[INFO] 2016-09-18 01:08:29 [msgagent] [./game/msgagent.lua:193] process user.UserInfoRequest time used 0.000000 ms
[INFO] 2016-09-18 01:09:00 [msgagent] [./game/msgagent.lua:99] 13 is login
[INFO] 2016-09-18 01:09:00 [gated] [./game/gated.lua:33] notify agent uid=13 is real login
[INFO] 2016-09-18 01:09:00 [msgagent] [./game/msgagent.lua:112] 13 is real login
[INFO] 2016-09-18 01:09:00 [msgagent] [./game/msgagent.lua:113] call dcmgr to load user data uid=13
[INFO] 2016-09-18 01:09:00 [msgagent] [./game/msgagent.lua:176] calling to user.UserInfoRequest
[INFO] 2016-09-18 01:09:00 [msgagent] [./game/msgagent.lua:193] process user.UserInfoRequest time used 0.000000 ms
[INFO] 2016-09-18 01:09:46 [msgagent] [./game/msgagent.lua:99] 13 is login
[INFO] 2016-09-18 01:09:46 [gated] [./game/gated.lua:33] notify agent uid=13 is real login
[INFO] 2016-09-18 01:09:46 [msgagent] [./game/msgagent.lua:112] 13 is real login
[INFO] 2016-09-18 01:09:46 [msgagent] [./game/msgagent.lua:113] call dcmgr to load user data uid=13
[INFO] 2016-09-18 01:09:46 [msgagent] [./game/msgagent.lua:176] calling to user.UserInfoRequest
[INFO] 2016-09-18 01:09:46 [msgagent] [./game/msgagent.lua:193] process user.UserInfoRequest time used 0.000000 ms
[INFO] 2016-09-18 01:09:48 [msgagent] [./game/msgagent.lua:99] 13 is login
[INFO] 2016-09-18 01:09:48 [gated] [./game/gated.lua:33] notify agent uid=13 is real login
[INFO] 2016-09-18 01:09:48 [msgagent] [./game/msgagent.lua:112] 13 is real login
[INFO] 2016-09-18 01:09:48 [msgagent] [./game/msgagent.lua:113] call dcmgr to load user data uid=13
[INFO] 2016-09-18 01:09:48 [msgagent] [./game/msgagent.lua:176] calling to user.UserInfoRequest
[INFO] 2016-09-18 01:09:48 [msgagent] [./game/msgagent.lua:193] process user.UserInfoRequest time used 0.000000 ms
[INFO] 2016-09-18 01:11:47 [msgagent] [./game/msgagent.lua:99] 13 is login
[INFO] 2016-09-18 01:11:47 [gated] [./game/gated.lua:33] notify agent uid=13 is real login
[INFO] 2016-09-18 01:11:47 [msgagent] [./game/msgagent.lua:112] 13 is real login
[INFO] 2016-09-18 01:11:47 [msgagent] [./game/msgagent.lua:113] call dcmgr to load user data uid=13
[INFO] 2016-09-18 01:11:50 [msgagent] [./game/msgagent.lua:99] 13 is login
[INFO] 2016-09-18 01:11:50 [gated] [./game/gated.lua:33] notify agent uid=13 is real login
[INFO] 2016-09-18 01:11:50 [msgagent] [./game/msgagent.lua:112] 13 is real login
[INFO] 2016-09-18 01:11:50 [msgagent] [./game/msgagent.lua:113] call dcmgr to load user data uid=13
[INFO] 2016-09-18 01:11:50 [msgagent] [./game/msgagent.lua:176] calling to user.UserInfoRequest
[INFO] 2016-09-18 01:11:50 [msgagent] [./game/msgagent.lua:193] process user.UserInfoRequest time used 0.000000 ms
[INFO] 2016-09-18 01:12:03 [msgagent] [./game/msgagent.lua:99] 13 is login
[INFO] 2016-09-18 01:12:03 [gated] [./game/gated.lua:33] notify agent uid=13 is real login
[INFO] 2016-09-18 01:12:03 [msgagent] [./game/msgagent.lua:112] 13 is real login
[INFO] 2016-09-18 01:12:03 [msgagent] [./game/msgagent.lua:113] call dcmgr to load user data uid=13
[INFO] 2016-09-18 01:12:03 [msgagent] [./game/msgagent.lua:176] calling to user.UserInfoRequest
[INFO] 2016-09-18 01:12:03 [msgagent] [./game/msgagent.lua:193] process user.UserInfoRequest time used 0.000000 ms
[INFO] 2016-09-18 01:12:46 [msgagent] [./game/msgagent.lua:99] 13 is login
[INFO] 2016-09-18 01:12:46 [gated] [./game/gated.lua:33] notify agent uid=13 is real login
[INFO] 2016-09-18 01:12:46 [msgagent] [./game/msgagent.lua:112] 13 is real login
[INFO] 2016-09-18 01:12:46 [msgagent] [./game/msgagent.lua:113] call dcmgr to load user data uid=13
[INFO] 2016-09-18 01:12:46 [msgagent] [./game/msgagent.lua:176] calling to user.UserInfoRequest
[INFO] 2016-09-18 01:12:46 [msgagent] [./game/msgagent.lua:193] process user.UserInfoRequest time used 0.000000 ms
[INFO] 2016-09-18 01:18:26 [gated] [./game/gated.lua:19] precreate 10 agents
[INFO] 2016-09-18 01:18:27 [msgagent] [./game/msgagent.lua:99] 13 is login
[INFO] 2016-09-18 01:18:27 [gated] [./game/gated.lua:33] notify agent uid=13 is real login
[INFO] 2016-09-18 01:18:27 [msgagent] [./game/msgagent.lua:112] 13 is real login
[INFO] 2016-09-18 01:18:27 [msgagent] [./game/msgagent.lua:113] call dcmgr to load user data uid=13
[INFO] 2016-09-18 01:18:35 [msgagent] [./game/msgagent.lua:99] 13 is login
[INFO] 2016-09-18 01:18:35 [gated] [./game/gated.lua:33] notify agent uid=13 is real login
[INFO] 2016-09-18 01:18:35 [msgagent] [./game/msgagent.lua:112] 13 is real login
[INFO] 2016-09-18 01:18:35 [msgagent] [./game/msgagent.lua:113] call dcmgr to load user data uid=13
[INFO] 2016-09-18 01:18:35 [msgagent] [./game/msgagent.lua:176] calling to user.UserInfoRequest
[INFO] 2016-09-18 01:18:35 [msgagent] [./game/msgagent.lua:193] process user.UserInfoRequest time used 0.000000 ms
[INFO] 2016-09-18 01:19:33 [gated] [./game/gated.lua:19] precreate 10 agents
[INFO] 2016-09-18 01:19:36 [msgagent] [./game/msgagent.lua:99] 13 is login
[INFO] 2016-09-18 01:19:36 [gated] [./game/gated.lua:33] notify agent uid=13 is real login
[INFO] 2016-09-18 01:19:36 [msgagent] [./game/msgagent.lua:112] 13 is real login
[INFO] 2016-09-18 01:19:36 [msgagent] [./game/msgagent.lua:113] call dcmgr to load user data uid=13
[INFO] 2016-09-18 01:22:20 [msgagent] [./game/msgagent.lua:99] 13 is login
[INFO] 2016-09-18 01:22:20 [gated] [./game/gated.lua:33] notify agent uid=13 is real login
[INFO] 2016-09-18 01:22:20 [msgagent] [./game/msgagent.lua:112] 13 is real login
[INFO] 2016-09-18 01:22:20 [msgagent] [./game/msgagent.lua:113] call dcmgr to load user data uid=13
[INFO] 2016-09-18 01:22:20 [msgagent] [./game/msgagent.lua:176] calling to user.UserInfoRequest
[INFO] 2016-09-18 01:22:20 [msgagent] [./game/msgagent.lua:193] process user.UserInfoRequest time used 0.000000 ms
[INFO] 2016-09-18 01:22:46 [msgagent] [./game/msgagent.lua:99] 13 is login
[INFO] 2016-09-18 01:22:46 [gated] [./game/gated.lua:33] notify agent uid=13 is real login
[INFO] 2016-09-18 01:22:46 [msgagent] [./game/msgagent.lua:112] 13 is real login
[INFO] 2016-09-18 01:22:46 [msgagent] [./game/msgagent.lua:113] call dcmgr to load user data uid=13
[INFO] 2016-09-18 01:22:46 [msgagent] [./game/msgagent.lua:176] calling to user.UserInfoRequest
[INFO] 2016-09-18 01:22:46 [msgagent] [./game/msgagent.lua:193] process user.UserInfoRequest time used 0.000000 ms
[INFO] 2016-09-18 01:23:38 [gated] [./game/gated.lua:19] precreate 10 agents
[INFO] 2016-09-18 01:23:40 [msgagent] [./game/msgagent.lua:99] 13 is login
[INFO] 2016-09-18 01:23:40 [gated] [./game/gated.lua:33] notify agent uid=13 is real login
[INFO] 2016-09-18 01:23:40 [msgagent] [./game/msgagent.lua:112] 13 is real login
[INFO] 2016-09-18 01:23:40 [msgagent] [./game/msgagent.lua:113] call dcmgr to load user data uid=13
[INFO] 2016-09-18 01:23:42 [msgagent] [./game/msgagent.lua:99] 13 is login
[INFO] 2016-09-18 01:23:42 [gated] [./game/gated.lua:33] notify agent uid=13 is real login
[INFO] 2016-09-18 01:23:42 [msgagent] [./game/msgagent.lua:112] 13 is real login
[INFO] 2016-09-18 01:23:42 [msgagent] [./game/msgagent.lua:113] call dcmgr to load user data uid=13
[INFO] 2016-09-18 01:23:42 [msgagent] [./game/msgagent.lua:176] calling to user.UserInfoRequest
[INFO] 2016-09-18 01:23:42 [msgagent] [./game/msgagent.lua:193] process user.UserInfoRequest time used 0.000000 ms
[INFO] 2016-09-18 01:23:43 [msgagent] [./game/msgagent.lua:99] 13 is login
[INFO] 2016-09-18 01:23:43 [gated] [./game/gated.lua:33] notify agent uid=13 is real login
[INFO] 2016-09-18 01:23:43 [msgagent] [./game/msgagent.lua:112] 13 is real login
[INFO] 2016-09-18 01:23:43 [msgagent] [./game/msgagent.lua:113] call dcmgr to load user data uid=13
[INFO] 2016-09-18 01:23:43 [msgagent] [./game/msgagent.lua:176] calling to user.UserInfoRequest
[INFO] 2016-09-18 01:23:43 [msgagent] [./game/msgagent.lua:193] process user.UserInfoRequest time used 0.000000 ms
[INFO] 2016-09-18 01:23:44 [msgagent] [./game/msgagent.lua:99] 13 is login
[INFO] 2016-09-18 01:23:44 [gated] [./game/gated.lua:33] notify agent uid=13 is real login
[INFO] 2016-09-18 01:23:44 [msgagent] [./game/msgagent.lua:112] 13 is real login
[INFO] 2016-09-18 01:23:44 [msgagent] [./game/msgagent.lua:113] call dcmgr to load user data uid=13
[INFO] 2016-09-18 01:23:44 [msgagent] [./game/msgagent.lua:176] calling to user.UserInfoRequest
[INFO] 2016-09-18 01:23:44 [msgagent] [./game/msgagent.lua:193] process user.UserInfoRequest time used 0.000000 ms
[INFO] 2016-09-18 01:23:44 [msgagent] [./game/msgagent.lua:99] 13 is login
[INFO] 2016-09-18 01:23:44 [gated] [./game/gated.lua:33] notify agent uid=13 is real login
[INFO] 2016-09-18 01:23:44 [msgagent] [./game/msgagent.lua:112] 13 is real login
[INFO] 2016-09-18 01:23:44 [msgagent] [./game/msgagent.lua:113] call dcmgr to load user data uid=13
[INFO] 2016-09-18 01:23:47 [msgagent] [./game/msgagent.lua:99] 13 is login
[INFO] 2016-09-18 01:23:47 [gated] [./game/gated.lua:33] notify agent uid=13 is real login
[INFO] 2016-09-18 01:23:47 [msgagent] [./game/msgagent.lua:112] 13 is real login
[INFO] 2016-09-18 01:23:47 [msgagent] [./game/msgagent.lua:113] call dcmgr to load user data uid=13
[INFO] 2016-09-18 01:23:47 [msgagent] [./game/msgagent.lua:176] calling to user.UserInfoRequest
[INFO] 2016-09-18 01:23:47 [msgagent] [./game/msgagent.lua:193] process user.UserInfoRequest time used 0.000000 ms
[INFO] 2016-09-18 01:23:48 [msgagent] [./game/msgagent.lua:99] 13 is login
[INFO] 2016-09-18 01:23:48 [gated] [./game/gated.lua:33] notify agent uid=13 is real login
[INFO] 2016-09-18 01:23:48 [msgagent] [./game/msgagent.lua:112] 13 is real login
[INFO] 2016-09-18 01:23:48 [msgagent] [./game/msgagent.lua:113] call dcmgr to load user data uid=13
[INFO] 2016-09-18 01:23:49 [msgagent] [./game/msgagent.lua:99] 13 is login
[INFO] 2016-09-18 01:23:49 [gated] [./game/gated.lua:33] notify agent uid=13 is real login
[INFO] 2016-09-18 01:23:49 [msgagent] [./game/msgagent.lua:112] 13 is real login
[INFO] 2016-09-18 01:23:49 [msgagent] [./game/msgagent.lua:113] call dcmgr to load user data uid=13
[INFO] 2016-09-18 01:23:50 [msgagent] [./game/msgagent.lua:99] 13 is login
[INFO] 2016-09-18 01:23:50 [gated] [./game/gated.lua:33] notify agent uid=13 is real login
[INFO] 2016-09-18 01:23:50 [msgagent] [./game/msgagent.lua:112] 13 is real login
[INFO] 2016-09-18 01:23:50 [msgagent] [./game/msgagent.lua:113] call dcmgr to load user data uid=13
[INFO] 2016-09-18 01:23:50 [msgagent] [./game/msgagent.lua:176] calling to user.UserInfoRequest
[INFO] 2016-09-18 01:23:50 [msgagent] [./game/msgagent.lua:193] process user.UserInfoRequest time used 0.100000 ms
[INFO] 2016-09-18 01:24:33 [gated] [./game/gated.lua:19] precreate 10 agents
[INFO] 2016-09-18 01:24:35 [msgagent] [./game/msgagent.lua:99] 13 is login
[INFO] 2016-09-18 01:24:35 [gated] [./game/gated.lua:33] notify agent uid=13 is real login
[INFO] 2016-09-18 01:24:35 [msgagent] [./game/msgagent.lua:112] 13 is real login
[INFO] 2016-09-18 01:24:35 [msgagent] [./game/msgagent.lua:113] call dcmgr to load user data uid=13
[INFO] 2016-09-18 01:24:35 [msgagent] [./game/msgagent.lua:176] calling to user.UserInfoRequest
[INFO] 2016-09-18 01:24:35 [msgagent] [./game/msgagent.lua:193] process user.UserInfoRequest time used 0.000000 ms
[INFO] 2016-09-18 01:24:38 [msgagent] [./game/msgagent.lua:99] 13 is login
[INFO] 2016-09-18 01:24:38 [gated] [./game/gated.lua:33] notify agent uid=13 is real login
[INFO] 2016-09-18 01:24:38 [msgagent] [./game/msgagent.lua:112] 13 is real login
[INFO] 2016-09-18 01:24:38 [msgagent] [./game/msgagent.lua:113] call dcmgr to load user data uid=13
[INFO] 2016-09-18 01:24:38 [msgagent] [./game/msgagent.lua:176] calling to user.UserInfoRequest
[INFO] 2016-09-18 01:24:38 [msgagent] [./game/msgagent.lua:193] process user.UserInfoRequest time used 0.000000 ms
[INFO] 2016-09-18 01:26:09 [gated] [./game/gated.lua:19] precreate 10 agents
[INFO] 2016-09-18 01:26:11 [msgagent] [./game/msgagent.lua:99] 13 is login
[INFO] 2016-09-18 01:26:11 [gated] [./game/gated.lua:33] notify agent uid=13 is real login
[INFO] 2016-09-18 01:26:11 [msgagent] [./game/msgagent.lua:112] 13 is real login
[INFO] 2016-09-18 01:26:11 [msgagent] [./game/msgagent.lua:113] call dcmgr to load user data uid=13
[INFO] 2016-09-18 01:26:12 [msgagent] [./game/msgagent.lua:99] 13 is login
[INFO] 2016-09-18 01:26:12 [gated] [./game/gated.lua:33] notify agent uid=13 is real login
[INFO] 2016-09-18 01:26:12 [msgagent] [./game/msgagent.lua:112] 13 is real login
[INFO] 2016-09-18 01:26:12 [msgagent] [./game/msgagent.lua:113] call dcmgr to load user data uid=13
[INFO] 2016-09-18 01:26:12 [msgagent] [./game/msgagent.lua:176] calling to user.UserInfoRequest
[INFO] 2016-09-18 01:26:12 [msgagent] [./game/msgagent.lua:193] process user.UserInfoRequest time used 0.000000 ms
[INFO] 2016-09-18 01:26:14 [msgagent] [./game/msgagent.lua:99] 13 is login
[INFO] 2016-09-18 01:26:14 [gated] [./game/gated.lua:33] notify agent uid=13 is real login
[INFO] 2016-09-18 01:26:14 [msgagent] [./game/msgagent.lua:112] 13 is real login
[INFO] 2016-09-18 01:26:14 [msgagent] [./game/msgagent.lua:113] call dcmgr to load user data uid=13
[INFO] 2016-09-18 01:26:14 [msgagent] [./game/msgagent.lua:176] calling to user.UserInfoRequest
[INFO] 2016-09-18 01:26:14 [msgagent] [./game/msgagent.lua:193] process user.UserInfoRequest time used 0.000000 ms
[INFO] 2016-09-18 01:26:15 [msgagent] [./game/msgagent.lua:99] 13 is login
[INFO] 2016-09-18 01:26:15 [gated] [./game/gated.lua:33] notify agent uid=13 is real login
[INFO] 2016-09-18 01:26:15 [msgagent] [./game/msgagent.lua:112] 13 is real login
[INFO] 2016-09-18 01:26:15 [msgagent] [./game/msgagent.lua:113] call dcmgr to load user data uid=13
[INFO] 2016-09-18 01:26:15 [msgagent] [./game/msgagent.lua:176] calling to user.UserInfoRequest
[INFO] 2016-09-18 01:26:15 [msgagent] [./game/msgagent.lua:193] process user.UserInfoRequest time used 0.000000 ms
[INFO] 2016-09-18 01:26:16 [msgagent] [./game/msgagent.lua:99] 13 is login
[INFO] 2016-09-18 01:26:16 [gated] [./game/gated.lua:33] notify agent uid=13 is real login
[INFO] 2016-09-18 01:26:16 [msgagent] [./game/msgagent.lua:112] 13 is real login
[INFO] 2016-09-18 01:26:16 [msgagent] [./game/msgagent.lua:113] call dcmgr to load user data uid=13
[INFO] 2016-09-18 01:26:16 [msgagent] [./game/msgagent.lua:176] calling to user.UserInfoRequest
[INFO] 2016-09-18 01:26:16 [msgagent] [./game/msgagent.lua:193] process user.UserInfoRequest time used 0.000000 ms
[INFO] 2016-09-18 01:26:18 [msgagent] [./game/msgagent.lua:99] 13 is login
[INFO] 2016-09-18 01:26:18 [gated] [./game/gated.lua:33] notify agent uid=13 is real login
[INFO] 2016-09-18 01:26:18 [msgagent] [./game/msgagent.lua:112] 13 is real login
[INFO] 2016-09-18 01:26:18 [msgagent] [./game/msgagent.lua:113] call dcmgr to load user data uid=13
[INFO] 2016-09-18 01:26:18 [msgagent] [./game/msgagent.lua:176] calling to user.UserInfoRequest
[INFO] 2016-09-18 01:26:18 [msgagent] [./game/msgagent.lua:193] process user.UserInfoRequest time used 0.000000 ms
[INFO] 2016-09-18 01:26:19 [msgagent] [./game/msgagent.lua:99] 13 is login
[INFO] 2016-09-18 01:26:19 [gated] [./game/gated.lua:33] notify agent uid=13 is real login
[INFO] 2016-09-18 01:26:19 [msgagent] [./game/msgagent.lua:112] 13 is real login
[INFO] 2016-09-18 01:26:19 [msgagent] [./game/msgagent.lua:113] call dcmgr to load user data uid=13
[INFO] 2016-09-18 01:26:21 [msgagent] [./game/msgagent.lua:99] 13 is login
[INFO] 2016-09-18 01:26:21 [gated] [./game/gated.lua:33] notify agent uid=13 is real login
[INFO] 2016-09-18 01:26:21 [msgagent] [./game/msgagent.lua:112] 13 is real login
[INFO] 2016-09-18 01:26:21 [msgagent] [./game/msgagent.lua:113] call dcmgr to load user data uid=13
[INFO] 2016-09-18 01:26:21 [msgagent] [./game/msgagent.lua:176] calling to user.UserInfoRequest
[INFO] 2016-09-18 01:26:21 [msgagent] [./game/msgagent.lua:193] process user.UserInfoRequest time used 0.000000 ms
[INFO] 2016-09-18 01:29:41 [msgagent] [./game/msgagent.lua:99] 13 is login
[INFO] 2016-09-18 01:29:41 [gated] [./game/gated.lua:33] notify agent uid=13 is real login
[INFO] 2016-09-18 01:29:41 [msgagent] [./game/msgagent.lua:112] 13 is real login
[INFO] 2016-09-18 01:29:41 [msgagent] [./game/msgagent.lua:113] call dcmgr to load user data uid=13
[INFO] 2016-09-18 01:29:41 [msgagent] [./game/msgagent.lua:176] calling to user.UserInfoRequest
[INFO] 2016-09-18 01:29:41 [msgagent] [./game/msgagent.lua:193] process user.UserInfoRequest time used 0.000000 ms
[INFO] 2016-09-18 01:30:01 [msgagent] [./game/msgagent.lua:99] 13 is login
[INFO] 2016-09-18 01:30:01 [gated] [./game/gated.lua:33] notify agent uid=13 is real login
[INFO] 2016-09-18 01:30:01 [msgagent] [./game/msgagent.lua:112] 13 is real login
[INFO] 2016-09-18 01:30:01 [msgagent] [./game/msgagent.lua:113] call dcmgr to load user data uid=13
[INFO] 2016-09-18 01:30:01 [msgagent] [./game/msgagent.lua:176] calling to user.UserInfoRequest
[INFO] 2016-09-18 01:30:01 [msgagent] [./game/msgagent.lua:193] process user.UserInfoRequest time used 0.000000 ms
[INFO] 2016-09-18 01:30:07 [msgagent] [./game/msgagent.lua:99] 13 is login
[INFO] 2016-09-18 01:30:07 [gated] [./game/gated.lua:33] notify agent uid=13 is real login
[INFO] 2016-09-18 01:30:07 [msgagent] [./game/msgagent.lua:112] 13 is real login
[INFO] 2016-09-18 01:30:07 [msgagent] [./game/msgagent.lua:113] call dcmgr to load user data uid=13
[INFO] 2016-09-18 01:30:07 [msgagent] [./game/msgagent.lua:176] calling to user.UserInfoRequest
[INFO] 2016-09-18 01:30:07 [msgagent] [./game/msgagent.lua:193] process user.UserInfoRequest time used 0.000000 ms
[INFO] 2016-09-18 01:30:30 [msgagent] [./game/msgagent.lua:99] 13 is login
[INFO] 2016-09-18 01:30:30 [gated] [./game/gated.lua:33] notify agent uid=13 is real login
[INFO] 2016-09-18 01:30:30 [msgagent] [./game/msgagent.lua:112] 13 is real login
[INFO] 2016-09-18 01:30:30 [msgagent] [./game/msgagent.lua:113] call dcmgr to load user data uid=13
[INFO] 2016-09-18 01:30:30 [msgagent] [./game/msgagent.lua:176] calling to user.UserInfoRequest
[INFO] 2016-09-18 01:30:30 [msgagent] [./game/msgagent.lua:193] process user.UserInfoRequest time used 0.000000 ms
[INFO] 2016-09-18 01:31:10 [msgagent] [./game/msgagent.lua:99] 13 is login
[INFO] 2016-09-18 01:31:10 [gated] [./game/gated.lua:33] notify agent uid=13 is real login
[INFO] 2016-09-18 01:31:10 [msgagent] [./game/msgagent.lua:112] 13 is real login
[INFO] 2016-09-18 01:31:10 [msgagent] [./game/msgagent.lua:113] call dcmgr to load user data uid=13
[INFO] 2016-09-18 01:31:10 [msgagent] [./game/msgagent.lua:176] calling to user.UserInfoRequest
[INFO] 2016-09-18 01:31:10 [msgagent] [./game/msgagent.lua:193] process user.UserInfoRequest time used 0.000000 ms
[INFO] 2016-09-18 01:31:29 [msgagent] [./game/msgagent.lua:99] 13 is login
[INFO] 2016-09-18 01:31:29 [gated] [./game/gated.lua:33] notify agent uid=13 is real login
[INFO] 2016-09-18 01:31:29 [msgagent] [./game/msgagent.lua:112] 13 is real login
[INFO] 2016-09-18 01:31:29 [msgagent] [./game/msgagent.lua:113] call dcmgr to load user data uid=13
[INFO] 2016-09-18 01:31:48 [msgagent] [./game/msgagent.lua:99] 13 is login
[INFO] 2016-09-18 01:31:48 [gated] [./game/gated.lua:33] notify agent uid=13 is real login
[INFO] 2016-09-18 01:31:48 [msgagent] [./game/msgagent.lua:112] 13 is real login
[INFO] 2016-09-18 01:31:48 [msgagent] [./game/msgagent.lua:113] call dcmgr to load user data uid=13
[INFO] 2016-09-18 01:31:48 [msgagent] [./game/msgagent.lua:176] calling to user.UserInfoRequest
[INFO] 2016-09-18 01:31:48 [msgagent] [./game/msgagent.lua:193] process user.UserInfoRequest time used 0.000000 ms
[INFO] 2016-09-18 01:32:45 [gated] [./game/gated.lua:19] precreate 10 agents
[INFO] 2016-09-18 01:32:46 [msgagent] [./game/msgagent.lua:99] 13 is login
[INFO] 2016-09-18 01:32:46 [gated] [./game/gated.lua:33] notify agent uid=13 is real login
[INFO] 2016-09-18 01:32:46 [msgagent] [./game/msgagent.lua:112] 13 is real login
[INFO] 2016-09-18 01:32:46 [msgagent] [./game/msgagent.lua:113] call dcmgr to load user data uid=13
[INFO] 2016-09-18 01:32:48 [msgagent] [./game/msgagent.lua:99] 13 is login
[INFO] 2016-09-18 01:32:48 [gated] [./game/gated.lua:33] notify agent uid=13 is real login
[INFO] 2016-09-18 01:32:48 [msgagent] [./game/msgagent.lua:112] 13 is real login
[INFO] 2016-09-18 01:32:48 [msgagent] [./game/msgagent.lua:113] call dcmgr to load user data uid=13
[INFO] 2016-09-18 01:32:48 [msgagent] [./game/msgagent.lua:176] calling to user.UserInfoRequest
[INFO] 2016-09-18 01:32:48 [msgagent] [./game/msgagent.lua:193] process user.UserInfoRequest time used 0.000000 ms
[INFO] 2016-09-18 01:32:50 [msgagent] [./game/msgagent.lua:99] 13 is login
[INFO] 2016-09-18 01:32:50 [gated] [./game/gated.lua:33] notify agent uid=13 is real login
[INFO] 2016-09-18 01:32:50 [msgagent] [./game/msgagent.lua:112] 13 is real login
[INFO] 2016-09-18 01:32:50 [msgagent] [./game/msgagent.lua:113] call dcmgr to load user data uid=13
[INFO] 2016-09-18 01:32:50 [msgagent] [./game/msgagent.lua:176] calling to user.UserInfoRequest
[INFO] 2016-09-18 01:32:50 [msgagent] [./game/msgagent.lua:193] process user.UserInfoRequest time used 0.000000 ms
[INFO] 2016-09-18 01:33:32 [gated] [./game/gated.lua:19] precreate 10 agents
[INFO] 2016-09-18 01:33:34 [msgagent] [./game/msgagent.lua:99] 13 is login
[INFO] 2016-09-18 01:33:34 [gated] [./game/gated.lua:33] notify agent uid=13 is real login
[INFO] 2016-09-18 01:33:34 [msgagent] [./game/msgagent.lua:112] 13 is real login
[INFO] 2016-09-18 01:33:34 [msgagent] [./game/msgagent.lua:113] call dcmgr to load user data uid=13
[INFO] 2016-09-18 01:33:37 [msgagent] [./game/msgagent.lua:99] 13 is login
[INFO] 2016-09-18 01:33:37 [gated] [./game/gated.lua:33] notify agent uid=13 is real login
[INFO] 2016-09-18 01:33:37 [msgagent] [./game/msgagent.lua:112] 13 is real login
[INFO] 2016-09-18 01:33:37 [msgagent] [./game/msgagent.lua:113] call dcmgr to load user data uid=13
[INFO] 2016-09-18 01:33:37 [msgagent] [./game/msgagent.lua:176] calling to user.UserInfoRequest
[INFO] 2016-09-18 01:33:37 [msgagent] [./game/msgagent.lua:193] process user.UserInfoRequest time used 0.000000 ms
[INFO] 2016-09-18 01:34:29 [msgagent] [./game/msgagent.lua:99] 13 is login
[INFO] 2016-09-18 01:34:29 [gated] [./game/gated.lua:33] notify agent uid=13 is real login
[INFO] 2016-09-18 01:34:29 [msgagent] [./game/msgagent.lua:112] 13 is real login
[INFO] 2016-09-18 01:34:29 [msgagent] [./game/msgagent.lua:113] call dcmgr to load user data uid=13
[INFO] 2016-09-18 01:34:29 [msgagent] [./game/msgagent.lua:176] calling to user.UserInfoRequest
[INFO] 2016-09-18 01:34:29 [msgagent] [./game/msgagent.lua:193] process user.UserInfoRequest time used 0.000000 ms
[INFO] 2016-09-18 01:35:38 [msgagent] [./game/msgagent.lua:99] 13 is login
[INFO] 2016-09-18 01:35:38 [gated] [./game/gated.lua:33] notify agent uid=13 is real login
[INFO] 2016-09-18 01:35:38 [msgagent] [./game/msgagent.lua:112] 13 is real login
[INFO] 2016-09-18 01:35:38 [msgagent] [./game/msgagent.lua:113] call dcmgr to load user data uid=13
[INFO] 2016-09-18 01:35:38 [msgagent] [./game/msgagent.lua:176] calling to user.UserInfoRequest
[INFO] 2016-09-18 01:35:38 [msgagent] [./game/msgagent.lua:193] process user.UserInfoRequest time used 0.000000 ms
[INFO] 2016-09-18 01:35:39 [msgagent] [./game/msgagent.lua:99] 13 is login
[INFO] 2016-09-18 01:35:39 [gated] [./game/gated.lua:33] notify agent uid=13 is real login
[INFO] 2016-09-18 01:35:39 [msgagent] [./game/msgagent.lua:112] 13 is real login
[INFO] 2016-09-18 01:35:39 [msgagent] [./game/msgagent.lua:113] call dcmgr to load user data uid=13
[INFO] 2016-09-18 01:35:39 [msgagent] [./game/msgagent.lua:176] calling to user.UserInfoRequest
[INFO] 2016-09-18 01:35:39 [msgagent] [./game/msgagent.lua:193] process user.UserInfoRequest time used 0.000000 ms
[INFO] 2016-09-18 01:35:40 [msgagent] [./game/msgagent.lua:99] 13 is login
[INFO] 2016-09-18 01:35:40 [gated] [./game/gated.lua:33] notify agent uid=13 is real login
[INFO] 2016-09-18 01:35:40 [msgagent] [./game/msgagent.lua:112] 13 is real login
[INFO] 2016-09-18 01:35:40 [msgagent] [./game/msgagent.lua:113] call dcmgr to load user data uid=13
[INFO] 2016-09-18 01:35:40 [msgagent] [./game/msgagent.lua:176] calling to user.UserInfoRequest
[INFO] 2016-09-18 01:35:40 [msgagent] [./game/msgagent.lua:193] process user.UserInfoRequest time used 0.000000 ms
[INFO] 2016-09-18 01:35:41 [msgagent] [./game/msgagent.lua:99] 13 is login
[INFO] 2016-09-18 01:35:41 [gated] [./game/gated.lua:33] notify agent uid=13 is real login
[INFO] 2016-09-18 01:35:41 [msgagent] [./game/msgagent.lua:112] 13 is real login
[INFO] 2016-09-18 01:35:41 [msgagent] [./game/msgagent.lua:113] call dcmgr to load user data uid=13
[INFO] 2016-09-18 01:35:41 [msgagent] [./game/msgagent.lua:176] calling to user.UserInfoRequest
[INFO] 2016-09-18 01:35:41 [msgagent] [./game/msgagent.lua:193] process user.UserInfoRequest time used 0.000000 ms
[INFO] 2016-09-18 01:35:42 [msgagent] [./game/msgagent.lua:99] 13 is login
[INFO] 2016-09-18 01:35:42 [gated] [./game/gated.lua:33] notify agent uid=13 is real login
[INFO] 2016-09-18 01:35:42 [msgagent] [./game/msgagent.lua:112] 13 is real login
[INFO] 2016-09-18 01:35:42 [msgagent] [./game/msgagent.lua:113] call dcmgr to load user data uid=13
[INFO] 2016-09-18 01:35:42 [msgagent] [./game/msgagent.lua:176] calling to user.UserInfoRequest
[INFO] 2016-09-18 01:35:42 [msgagent] [./game/msgagent.lua:193] process user.UserInfoRequest time used 0.000000 ms
[INFO] 2016-09-18 01:35:43 [msgagent] [./game/msgagent.lua:99] 13 is login
[INFO] 2016-09-18 01:35:43 [gated] [./game/gated.lua:33] notify agent uid=13 is real login
[INFO] 2016-09-18 01:35:43 [msgagent] [./game/msgagent.lua:112] 13 is real login
[INFO] 2016-09-18 01:35:43 [msgagent] [./game/msgagent.lua:113] call dcmgr to load user data uid=13
[INFO] 2016-09-18 01:35:43 [msgagent] [./game/msgagent.lua:176] calling to user.UserInfoRequest
[INFO] 2016-09-18 01:35:43 [msgagent] [./game/msgagent.lua:193] process user.UserInfoRequest time used 0.000000 ms
[INFO] 2016-09-18 01:36:35 [msgagent] [./game/msgagent.lua:99] 13 is login
[INFO] 2016-09-18 01:36:35 [gated] [./game/gated.lua:33] notify agent uid=13 is real login
[INFO] 2016-09-18 01:36:35 [msgagent] [./game/msgagent.lua:112] 13 is real login
[INFO] 2016-09-18 01:36:35 [msgagent] [./game/msgagent.lua:113] call dcmgr to load user data uid=13
[INFO] 2016-09-18 01:36:35 [msgagent] [./game/msgagent.lua:176] calling to user.UserInfoRequest
[INFO] 2016-09-18 01:36:35 [msgagent] [./game/msgagent.lua:193] process user.UserInfoRequest time used 0.000000 ms
[INFO] 2016-09-18 01:36:40 [msgagent] [./game/msgagent.lua:99] 13 is login
[INFO] 2016-09-18 01:36:40 [gated] [./game/gated.lua:33] notify agent uid=13 is real login
[INFO] 2016-09-18 01:36:40 [msgagent] [./game/msgagent.lua:112] 13 is real login
[INFO] 2016-09-18 01:36:40 [msgagent] [./game/msgagent.lua:113] call dcmgr to load user data uid=13
[INFO] 2016-09-18 01:36:40 [msgagent] [./game/msgagent.lua:176] calling to user.UserInfoRequest
[INFO] 2016-09-18 01:36:40 [msgagent] [./game/msgagent.lua:193] process user.UserInfoRequest time used 0.000000 ms
[INFO] 2016-09-18 01:36:41 [msgagent] [./game/msgagent.lua:99] 13 is login
[INFO] 2016-09-18 01:36:41 [gated] [./game/gated.lua:33] notify agent uid=13 is real login
[INFO] 2016-09-18 01:36:41 [msgagent] [./game/msgagent.lua:112] 13 is real login
[INFO] 2016-09-18 01:36:41 [msgagent] [./game/msgagent.lua:113] call dcmgr to load user data uid=13
[INFO] 2016-09-18 01:36:41 [msgagent] [./game/msgagent.lua:176] calling to user.UserInfoRequest
[INFO] 2016-09-18 01:36:41 [msgagent] [./game/msgagent.lua:193] process user.UserInfoRequest time used 0.000000 ms
[INFO] 2016-09-18 01:36:42 [msgagent] [./game/msgagent.lua:99] 13 is login
[INFO] 2016-09-18 01:36:42 [gated] [./game/gated.lua:33] notify agent uid=13 is real login
[INFO] 2016-09-18 01:36:42 [msgagent] [./game/msgagent.lua:112] 13 is real login
[INFO] 2016-09-18 01:36:42 [msgagent] [./game/msgagent.lua:113] call dcmgr to load user data uid=13
[INFO] 2016-09-18 01:36:42 [msgagent] [./game/msgagent.lua:176] calling to user.UserInfoRequest
[INFO] 2016-09-18 01:36:42 [msgagent] [./game/msgagent.lua:193] process user.UserInfoRequest time used 0.000000 ms
[INFO] 2016-09-18 01:36:42 [msgagent] [./game/msgagent.lua:99] 13 is login
[INFO] 2016-09-18 01:36:42 [gated] [./game/gated.lua:33] notify agent uid=13 is real login
[INFO] 2016-09-18 01:36:42 [msgagent] [./game/msgagent.lua:112] 13 is real login
[INFO] 2016-09-18 01:36:42 [msgagent] [./game/msgagent.lua:113] call dcmgr to load user data uid=13
[INFO] 2016-09-18 01:36:42 [msgagent] [./game/msgagent.lua:176] calling to user.UserInfoRequest
[INFO] 2016-09-18 01:36:42 [msgagent] [./game/msgagent.lua:193] process user.UserInfoRequest time used 0.000000 ms
[INFO] 2016-09-18 01:36:44 [msgagent] [./game/msgagent.lua:99] 13 is login
[INFO] 2016-09-18 01:36:44 [gated] [./game/gated.lua:33] notify agent uid=13 is real login
[INFO] 2016-09-18 01:36:44 [msgagent] [./game/msgagent.lua:112] 13 is real login
[INFO] 2016-09-18 01:36:44 [msgagent] [./game/msgagent.lua:113] call dcmgr to load user data uid=13
[INFO] 2016-09-18 01:36:45 [msgagent] [./game/msgagent.lua:99] 13 is login
[INFO] 2016-09-18 01:36:45 [gated] [./game/gated.lua:33] notify agent uid=13 is real login
[INFO] 2016-09-18 01:36:45 [msgagent] [./game/msgagent.lua:112] 13 is real login
[INFO] 2016-09-18 01:36:45 [msgagent] [./game/msgagent.lua:113] call dcmgr to load user data uid=13
[INFO] 2016-09-18 01:36:46 [msgagent] [./game/msgagent.lua:99] 13 is login
[INFO] 2016-09-18 01:36:46 [gated] [./game/gated.lua:33] notify agent uid=13 is real login
[INFO] 2016-09-18 01:36:46 [msgagent] [./game/msgagent.lua:112] 13 is real login
[INFO] 2016-09-18 01:36:46 [msgagent] [./game/msgagent.lua:113] call dcmgr to load user data uid=13
[INFO] 2016-09-18 01:36:46 [msgagent] [./game/msgagent.lua:176] calling to user.UserInfoRequest
[INFO] 2016-09-18 01:36:46 [msgagent] [./game/msgagent.lua:193] process user.UserInfoRequest time used 0.000000 ms
[INFO] 2016-09-18 01:36:48 [msgagent] [./game/msgagent.lua:99] 13 is login
[INFO] 2016-09-18 01:36:48 [gated] [./game/gated.lua:33] notify agent uid=13 is real login
[INFO] 2016-09-18 01:36:48 [msgagent] [./game/msgagent.lua:112] 13 is real login
[INFO] 2016-09-18 01:36:48 [msgagent] [./game/msgagent.lua:113] call dcmgr to load user data uid=13
[INFO] 2016-09-18 01:36:48 [msgagent] [./game/msgagent.lua:176] calling to user.UserInfoRequest
[INFO] 2016-09-18 01:36:48 [msgagent] [./game/msgagent.lua:193] process user.UserInfoRequest time used 0.000000 ms
[INFO] 2016-09-18 01:39:21 [gated] [./game/gated.lua:19] precreate 10 agents
[INFO] 2016-09-18 01:39:24 [msgagent] [./game/msgagent.lua:99] 13 is login
[INFO] 2016-09-18 01:39:24 [gated] [./game/gated.lua:33] notify agent uid=13 is real login
[INFO] 2016-09-18 01:39:24 [msgagent] [./game/msgagent.lua:112] 13 is real login
[INFO] 2016-09-18 01:39:24 [msgagent] [./game/msgagent.lua:113] call dcmgr to load user data uid=13
[INFO] 2016-09-18 01:39:30 [msgagent] [./game/msgagent.lua:99] 13 is login
[INFO] 2016-09-18 01:39:30 [gated] [./game/gated.lua:33] notify agent uid=13 is real login
[INFO] 2016-09-18 01:39:30 [msgagent] [./game/msgagent.lua:112] 13 is real login
[INFO] 2016-09-18 01:39:30 [msgagent] [./game/msgagent.lua:113] call dcmgr to load user data uid=13
[INFO] 2016-09-18 01:39:34 [msgagent] [./game/msgagent.lua:99] 13 is login
[INFO] 2016-09-18 01:39:34 [gated] [./game/gated.lua:33] notify agent uid=13 is real login
[INFO] 2016-09-18 01:39:34 [msgagent] [./game/msgagent.lua:112] 13 is real login
[INFO] 2016-09-18 01:39:34 [msgagent] [./game/msgagent.lua:113] call dcmgr to load user data uid=13
[INFO] 2016-09-18 01:39:37 [msgagent] [./game/msgagent.lua:99] 13 is login
[INFO] 2016-09-18 01:39:37 [gated] [./game/gated.lua:33] notify agent uid=13 is real login
[INFO] 2016-09-18 01:39:37 [msgagent] [./game/msgagent.lua:112] 13 is real login
[INFO] 2016-09-18 01:39:37 [msgagent] [./game/msgagent.lua:113] call dcmgr to load user data uid=13
[INFO] 2016-09-18 01:39:37 [msgagent] [./game/msgagent.lua:176] calling to user.UserInfoRequest
[INFO] 2016-09-18 01:39:37 [msgagent] [./game/msgagent.lua:193] process user.UserInfoRequest time used 0.000000 ms
[INFO] 2016-09-18 01:41:14 [msgagent] [./game/msgagent.lua:99] 13 is login
[INFO] 2016-09-18 01:41:14 [gated] [./game/gated.lua:33] notify agent uid=13 is real login
[INFO] 2016-09-18 01:41:14 [msgagent] [./game/msgagent.lua:112] 13 is real login
[INFO] 2016-09-18 01:41:14 [msgagent] [./game/msgagent.lua:113] call dcmgr to load user data uid=13
[INFO] 2016-09-18 01:41:14 [msgagent] [./game/msgagent.lua:176] calling to user.UserInfoRequest
[INFO] 2016-09-18 01:41:14 [msgagent] [./game/msgagent.lua:193] process user.UserInfoRequest time used 0.000000 ms
[INFO] 2016-09-18 01:41:15 [msgagent] [./game/msgagent.lua:99] 13 is login
[INFO] 2016-09-18 01:41:15 [gated] [./game/gated.lua:33] notify agent uid=13 is real login
[INFO] 2016-09-18 01:41:15 [msgagent] [./game/msgagent.lua:112] 13 is real login
[INFO] 2016-09-18 01:41:15 [msgagent] [./game/msgagent.lua:113] call dcmgr to load user data uid=13
[INFO] 2016-09-18 01:41:15 [msgagent] [./game/msgagent.lua:176] calling to user.UserInfoRequest
[INFO] 2016-09-18 01:41:15 [msgagent] [./game/msgagent.lua:193] process user.UserInfoRequest time used 0.000000 ms
[INFO] 2016-09-18 01:41:16 [msgagent] [./game/msgagent.lua:99] 13 is login
[INFO] 2016-09-18 01:41:16 [gated] [./game/gated.lua:33] notify agent uid=13 is real login
[INFO] 2016-09-18 01:41:16 [msgagent] [./game/msgagent.lua:112] 13 is real login
[INFO] 2016-09-18 01:41:16 [msgagent] [./game/msgagent.lua:113] call dcmgr to load user data uid=13
[INFO] 2016-09-18 01:44:34 [msgagent] [./game/msgagent.lua:99] 13 is login
[INFO] 2016-09-18 01:44:34 [gated] [./game/gated.lua:33] notify agent uid=13 is real login
[INFO] 2016-09-18 01:44:34 [msgagent] [./game/msgagent.lua:112] 13 is real login
[INFO] 2016-09-18 01:44:34 [msgagent] [./game/msgagent.lua:113] call dcmgr to load user data uid=13
[INFO] 2016-09-18 01:46:16 [msgagent] [./game/msgagent.lua:99] 13 is login
[INFO] 2016-09-18 01:46:16 [gated] [./game/gated.lua:33] notify agent uid=13 is real login
[INFO] 2016-09-18 01:46:16 [msgagent] [./game/msgagent.lua:112] 13 is real login
[INFO] 2016-09-18 01:46:16 [msgagent] [./game/msgagent.lua:113] call dcmgr to load user data uid=13
[INFO] 2016-09-18 01:46:16 [msgagent] [./game/msgagent.lua:176] calling to user.UserInfoRequest
[INFO] 2016-09-18 01:46:16 [msgagent] [./game/msgagent.lua:193] process user.UserInfoRequest time used 0.000000 ms
[INFO] 2016-09-18 01:46:41 [msgagent] [./game/msgagent.lua:99] 13 is login
[INFO] 2016-09-18 01:46:41 [gated] [./game/gated.lua:33] notify agent uid=13 is real login
[INFO] 2016-09-18 01:46:41 [msgagent] [./game/msgagent.lua:112] 13 is real login
[INFO] 2016-09-18 01:46:41 [msgagent] [./game/msgagent.lua:113] call dcmgr to load user data uid=13
[INFO] 2016-09-18 01:46:41 [msgagent] [./game/msgagent.lua:176] calling to user.UserInfoRequest
[INFO] 2016-09-18 01:46:41 [msgagent] [./game/msgagent.lua:193] process user.UserInfoRequest time used 0.000000 ms
[INFO] 2016-09-18 01:47:07 [msgagent] [./game/msgagent.lua:99] 13 is login
[INFO] 2016-09-18 01:47:07 [gated] [./game/gated.lua:33] notify agent uid=13 is real login
[INFO] 2016-09-18 01:47:07 [msgagent] [./game/msgagent.lua:112] 13 is real login
[INFO] 2016-09-18 01:47:07 [msgagent] [./game/msgagent.lua:113] call dcmgr to load user data uid=13
[INFO] 2016-09-18 01:47:07 [msgagent] [./game/msgagent.lua:176] calling to user.UserInfoRequest
[INFO] 2016-09-18 01:47:07 [msgagent] [./game/msgagent.lua:193] process user.UserInfoRequest time used 0.000000 ms
[INFO] 2016-09-18 01:47:35 [msgagent] [./game/msgagent.lua:99] 13 is login
[INFO] 2016-09-18 01:47:35 [gated] [./game/gated.lua:33] notify agent uid=13 is real login
[INFO] 2016-09-18 01:47:35 [msgagent] [./game/msgagent.lua:112] 13 is real login
[INFO] 2016-09-18 01:47:35 [msgagent] [./game/msgagent.lua:113] call dcmgr to load user data uid=13
[INFO] 2016-09-18 01:47:35 [msgagent] [./game/msgagent.lua:176] calling to user.UserInfoRequest
[INFO] 2016-09-18 01:47:35 [msgagent] [./game/msgagent.lua:193] process user.UserInfoRequest time used 0.100000 ms
[INFO] 2016-09-18 01:47:44 [msgagent] [./game/msgagent.lua:99] 13 is login
[INFO] 2016-09-18 01:47:44 [gated] [./game/gated.lua:33] notify agent uid=13 is real login
[INFO] 2016-09-18 01:47:44 [msgagent] [./game/msgagent.lua:112] 13 is real login
[INFO] 2016-09-18 01:47:44 [msgagent] [./game/msgagent.lua:113] call dcmgr to load user data uid=13
[INFO] 2016-09-18 01:47:58 [msgagent] [./game/msgagent.lua:99] 13 is login
[INFO] 2016-09-18 01:47:58 [gated] [./game/gated.lua:33] notify agent uid=13 is real login
[INFO] 2016-09-18 01:47:58 [msgagent] [./game/msgagent.lua:112] 13 is real login
[INFO] 2016-09-18 01:47:58 [msgagent] [./game/msgagent.lua:113] call dcmgr to load user data uid=13
[INFO] 2016-09-18 01:48:03 [msgagent] [./game/msgagent.lua:99] 13 is login
[INFO] 2016-09-18 01:48:03 [gated] [./game/gated.lua:33] notify agent uid=13 is real login
[INFO] 2016-09-18 01:48:03 [msgagent] [./game/msgagent.lua:112] 13 is real login
[INFO] 2016-09-18 01:48:03 [msgagent] [./game/msgagent.lua:113] call dcmgr to load user data uid=13
[INFO] 2016-09-18 01:48:03 [msgagent] [./game/msgagent.lua:176] calling to user.UserInfoRequest
[INFO] 2016-09-18 01:48:03 [msgagent] [./game/msgagent.lua:193] process user.UserInfoRequest time used 0.000000 ms
[INFO] 2016-09-18 01:48:29 [msgagent] [./game/msgagent.lua:99] 13 is login
[INFO] 2016-09-18 01:48:29 [gated] [./game/gated.lua:33] notify agent uid=13 is real login
[INFO] 2016-09-18 01:48:29 [msgagent] [./game/msgagent.lua:112] 13 is real login
[INFO] 2016-09-18 01:48:29 [msgagent] [./game/msgagent.lua:113] call dcmgr to load user data uid=13
[INFO] 2016-09-18 01:48:36 [msgagent] [./game/msgagent.lua:99] 13 is login
[INFO] 2016-09-18 01:48:36 [gated] [./game/gated.lua:33] notify agent uid=13 is real login
[INFO] 2016-09-18 01:48:36 [msgagent] [./game/msgagent.lua:112] 13 is real login
[INFO] 2016-09-18 01:48:36 [msgagent] [./game/msgagent.lua:113] call dcmgr to load user data uid=13
[INFO] 2016-09-18 01:48:50 [msgagent] [./game/msgagent.lua:99] 13 is login
[INFO] 2016-09-18 01:48:50 [gated] [./game/gated.lua:33] notify agent uid=13 is real login
[INFO] 2016-09-18 01:48:50 [msgagent] [./game/msgagent.lua:112] 13 is real login
[INFO] 2016-09-18 01:48:50 [msgagent] [./game/msgagent.lua:113] call dcmgr to load user data uid=13
[INFO] 2016-09-18 01:48:50 [msgagent] [./game/msgagent.lua:176] calling to user.UserInfoRequest
[INFO] 2016-09-18 01:48:50 [msgagent] [./game/msgagent.lua:193] process user.UserInfoRequest time used 0.000000 ms
[INFO] 2016-09-18 01:49:18 [msgagent] [./game/msgagent.lua:99] 13 is login
[INFO] 2016-09-18 01:49:18 [gated] [./game/gated.lua:33] notify agent uid=13 is real login
[INFO] 2016-09-18 01:49:18 [msgagent] [./game/msgagent.lua:112] 13 is real login
[INFO] 2016-09-18 01:49:18 [msgagent] [./game/msgagent.lua:113] call dcmgr to load user data uid=13
[INFO] 2016-09-18 01:50:01 [msgagent] [./game/msgagent.lua:99] 13 is login
[INFO] 2016-09-18 01:50:01 [gated] [./game/gated.lua:33] notify agent uid=13 is real login
[INFO] 2016-09-18 01:50:01 [msgagent] [./game/msgagent.lua:112] 13 is real login
[INFO] 2016-09-18 01:50:01 [msgagent] [./game/msgagent.lua:113] call dcmgr to load user data uid=13
[INFO] 2016-09-18 01:50:01 [msgagent] [./game/msgagent.lua:176] calling to user.UserInfoRequest
[INFO] 2016-09-18 01:50:01 [msgagent] [./game/msgagent.lua:193] process user.UserInfoRequest time used 0.000000 ms
[INFO] 2016-09-18 01:50:10 [msgagent] [./game/msgagent.lua:99] 13 is login
[INFO] 2016-09-18 01:50:10 [gated] [./game/gated.lua:33] notify agent uid=13 is real login
[INFO] 2016-09-18 01:50:10 [msgagent] [./game/msgagent.lua:112] 13 is real login
[INFO] 2016-09-18 01:50:10 [msgagent] [./game/msgagent.lua:113] call dcmgr to load user data uid=13
[INFO] 2016-09-18 01:50:10 [msgagent] [./game/msgagent.lua:176] calling to user.UserInfoRequest
[INFO] 2016-09-18 01:50:10 [msgagent] [./game/msgagent.lua:193] process user.UserInfoRequest time used 0.000000 ms
[INFO] 2016-09-18 01:50:26 [msgagent] [./game/msgagent.lua:99] 13 is login
[INFO] 2016-09-18 01:50:26 [gated] [./game/gated.lua:33] notify agent uid=13 is real login
[INFO] 2016-09-18 01:50:26 [msgagent] [./game/msgagent.lua:112] 13 is real login
[INFO] 2016-09-18 01:50:26 [msgagent] [./game/msgagent.lua:113] call dcmgr to load user data uid=13
[INFO] 2016-09-18 01:50:56 [msgagent] [./game/msgagent.lua:99] 13 is login
[INFO] 2016-09-18 01:50:56 [gated] [./game/gated.lua:33] notify agent uid=13 is real login
[INFO] 2016-09-18 01:50:56 [msgagent] [./game/msgagent.lua:112] 13 is real login
[INFO] 2016-09-18 01:50:56 [msgagent] [./game/msgagent.lua:113] call dcmgr to load user data uid=13
[INFO] 2016-09-18 01:51:29 [msgagent] [./game/msgagent.lua:99] 13 is login
[INFO] 2016-09-18 01:51:29 [gated] [./game/gated.lua:33] notify agent uid=13 is real login
[INFO] 2016-09-18 01:51:29 [msgagent] [./game/msgagent.lua:112] 13 is real login
[INFO] 2016-09-18 01:51:29 [msgagent] [./game/msgagent.lua:113] call dcmgr to load user data uid=13
[INFO] 2016-09-18 01:51:29 [msgagent] [./game/msgagent.lua:176] calling to user.UserInfoRequest
[INFO] 2016-09-18 01:51:29 [msgagent] [./game/msgagent.lua:193] process user.UserInfoRequest time used 0.000000 ms
[INFO] 2016-09-18 01:51:41 [msgagent] [./game/msgagent.lua:99] 13 is login
[INFO] 2016-09-18 01:51:41 [gated] [./game/gated.lua:33] notify agent uid=13 is real login
[INFO] 2016-09-18 01:51:41 [msgagent] [./game/msgagent.lua:112] 13 is real login
[INFO] 2016-09-18 01:51:41 [msgagent] [./game/msgagent.lua:113] call dcmgr to load user data uid=13
[INFO] 2016-09-18 01:51:41 [msgagent] [./game/msgagent.lua:176] calling to user.UserInfoRequest
[INFO] 2016-09-18 01:51:41 [msgagent] [./game/msgagent.lua:193] process user.UserInfoRequest time used 0.000000 ms
[INFO] 2016-09-18 01:55:11 [msgagent] [./game/msgagent.lua:99] 13 is login
[INFO] 2016-09-18 01:55:11 [gated] [./game/gated.lua:33] notify agent uid=13 is real login
[INFO] 2016-09-18 01:55:11 [msgagent] [./game/msgagent.lua:112] 13 is real login
[INFO] 2016-09-18 01:55:11 [msgagent] [./game/msgagent.lua:113] call dcmgr to load user data uid=13
[INFO] 2016-09-18 01:56:15 [msgagent] [./game/msgagent.lua:99] 13 is login
[INFO] 2016-09-18 01:56:15 [gated] [./game/gated.lua:33] notify agent uid=13 is real login
[INFO] 2016-09-18 01:56:15 [msgagent] [./game/msgagent.lua:112] 13 is real login
[INFO] 2016-09-18 01:56:15 [msgagent] [./game/msgagent.lua:113] call dcmgr to load user data uid=13
[INFO] 2016-09-18 01:56:49 [msgagent] [./game/msgagent.lua:99] 13 is login
[INFO] 2016-09-18 01:56:49 [gated] [./game/gated.lua:33] notify agent uid=13 is real login
[INFO] 2016-09-18 01:56:49 [msgagent] [./game/msgagent.lua:112] 13 is real login
[INFO] 2016-09-18 01:56:49 [msgagent] [./game/msgagent.lua:113] call dcmgr to load user data uid=13
[INFO] 2016-09-18 01:56:49 [msgagent] [./game/msgagent.lua:176] calling to user.UserInfoRequest
[INFO] 2016-09-18 01:56:49 [msgagent] [./game/msgagent.lua:193] process user.UserInfoRequest time used 0.000000 ms
[INFO] 2016-09-18 01:57:00 [msgagent] [./game/msgagent.lua:99] 13 is login
[INFO] 2016-09-18 01:57:00 [gated] [./game/gated.lua:33] notify agent uid=13 is real login
[INFO] 2016-09-18 01:57:00 [msgagent] [./game/msgagent.lua:112] 13 is real login
[INFO] 2016-09-18 01:57:00 [msgagent] [./game/msgagent.lua:113] call dcmgr to load user data uid=13
[INFO] 2016-09-18 01:57:00 [msgagent] [./game/msgagent.lua:176] calling to user.UserInfoRequest
[INFO] 2016-09-18 01:57:00 [msgagent] [./game/msgagent.lua:193] process user.UserInfoRequest time used 0.000000 ms
[INFO] 2016-09-18 01:59:21 [msgagent] [./game/msgagent.lua:99] 13 is login
[INFO] 2016-09-18 01:59:21 [gated] [./game/gated.lua:33] notify agent uid=13 is real login
[INFO] 2016-09-18 01:59:21 [msgagent] [./game/msgagent.lua:112] 13 is real login
[INFO] 2016-09-18 01:59:21 [msgagent] [./game/msgagent.lua:113] call dcmgr to load user data uid=13
[INFO] 2016-09-18 01:59:21 [msgagent] [./game/msgagent.lua:176] calling to user.UserInfoRequest
[INFO] 2016-09-18 01:59:21 [msgagent] [./game/msgagent.lua:193] process user.UserInfoRequest time used 0.000000 ms
[INFO] 2016-09-18 01:59:51 [msgagent] [./game/msgagent.lua:99] 13 is login
[INFO] 2016-09-18 01:59:51 [gated] [./game/gated.lua:33] notify agent uid=13 is real login
[INFO] 2016-09-18 01:59:51 [msgagent] [./game/msgagent.lua:112] 13 is real login
[INFO] 2016-09-18 01:59:51 [msgagent] [./game/msgagent.lua:113] call dcmgr to load user data uid=13
[INFO] 2016-09-18 01:59:51 [msgagent] [./game/msgagent.lua:176] calling to user.UserInfoRequest
[INFO] 2016-09-18 01:59:51 [msgagent] [./game/msgagent.lua:193] process user.UserInfoRequest time used 0.000000 ms
[INFO] 2016-09-18 01:59:52 [msgagent] [./game/msgagent.lua:99] 13 is login
[INFO] 2016-09-18 01:59:52 [gated] [./game/gated.lua:33] notify agent uid=13 is real login
[INFO] 2016-09-18 01:59:52 [msgagent] [./game/msgagent.lua:112] 13 is real login
[INFO] 2016-09-18 01:59:52 [msgagent] [./game/msgagent.lua:113] call dcmgr to load user data uid=13
[INFO] 2016-09-18 01:59:52 [msgagent] [./game/msgagent.lua:176] calling to user.UserInfoRequest
[INFO] 2016-09-18 01:59:52 [msgagent] [./game/msgagent.lua:193] process user.UserInfoRequest time used 0.000000 ms
[INFO] 2016-09-18 01:59:52 [msgagent] [./game/msgagent.lua:99] 13 is login
[INFO] 2016-09-18 01:59:52 [gated] [./game/gated.lua:33] notify agent uid=13 is real login
[INFO] 2016-09-18 01:59:52 [msgagent] [./game/msgagent.lua:112] 13 is real login
[INFO] 2016-09-18 01:59:52 [msgagent] [./game/msgagent.lua:113] call dcmgr to load user data uid=13
[INFO] 2016-09-18 02:00:05 [msgagent] [./game/msgagent.lua:99] 13 is login
[INFO] 2016-09-18 02:00:05 [gated] [./game/gated.lua:33] notify agent uid=13 is real login
[INFO] 2016-09-18 02:00:05 [msgagent] [./game/msgagent.lua:112] 13 is real login
[INFO] 2016-09-18 02:00:05 [msgagent] [./game/msgagent.lua:113] call dcmgr to load user data uid=13
[INFO] 2016-09-18 02:00:05 [msgagent] [./game/msgagent.lua:176] calling to user.UserInfoRequest
[INFO] 2016-09-18 02:00:05 [msgagent] [./game/msgagent.lua:193] process user.UserInfoRequest time used 0.000000 ms
[INFO] 2016-09-18 02:01:56 [msgagent] [./game/msgagent.lua:99] 13 is login
[INFO] 2016-09-18 02:01:56 [gated] [./game/gated.lua:33] notify agent uid=13 is real login
[INFO] 2016-09-18 02:01:56 [msgagent] [./game/msgagent.lua:112] 13 is real login
[INFO] 2016-09-18 02:01:56 [msgagent] [./game/msgagent.lua:113] call dcmgr to load user data uid=13
[INFO] 2016-09-18 02:01:56 [msgagent] [./game/msgagent.lua:176] calling to user.UserInfoRequest
[INFO] 2016-09-18 02:01:56 [msgagent] [./game/msgagent.lua:193] process user.UserInfoRequest time used 0.000000 ms
[INFO] 2016-09-18 02:02:06 [msgagent] [./game/msgagent.lua:99] 13 is login
[INFO] 2016-09-18 02:02:06 [gated] [./game/gated.lua:33] notify agent uid=13 is real login
[INFO] 2016-09-18 02:02:06 [msgagent] [./game/msgagent.lua:112] 13 is real login
[INFO] 2016-09-18 02:02:06 [msgagent] [./game/msgagent.lua:113] call dcmgr to load user data uid=13
[INFO] 2016-09-18 02:02:06 [msgagent] [./game/msgagent.lua:176] calling to user.UserInfoRequest
[INFO] 2016-09-18 02:02:06 [msgagent] [./game/msgagent.lua:193] process user.UserInfoRequest time used 0.000000 ms
[INFO] 2016-09-18 02:02:41 [msgagent] [./game/msgagent.lua:99] 13 is login
[INFO] 2016-09-18 02:02:41 [gated] [./game/gated.lua:33] notify agent uid=13 is real login
[INFO] 2016-09-18 02:02:41 [msgagent] [./game/msgagent.lua:112] 13 is real login
[INFO] 2016-09-18 02:02:41 [msgagent] [./game/msgagent.lua:113] call dcmgr to load user data uid=13
[INFO] 2016-09-18 02:02:41 [msgagent] [./game/msgagent.lua:176] calling to user.UserInfoRequest
[INFO] 2016-09-18 02:02:41 [msgagent] [./game/msgagent.lua:193] process user.UserInfoRequest time used 0.000000 ms
[INFO] 2016-09-18 02:03:03 [msgagent] [./game/msgagent.lua:99] 13 is login
[INFO] 2016-09-18 02:03:03 [gated] [./game/gated.lua:33] notify agent uid=13 is real login
[INFO] 2016-09-18 02:03:03 [msgagent] [./game/msgagent.lua:112] 13 is real login
[INFO] 2016-09-18 02:03:03 [msgagent] [./game/msgagent.lua:113] call dcmgr to load user data uid=13
[INFO] 2016-09-18 02:03:03 [msgagent] [./game/msgagent.lua:176] calling to user.UserInfoRequest
[INFO] 2016-09-18 02:03:03 [msgagent] [./game/msgagent.lua:193] process user.UserInfoRequest time used 0.000000 ms
[INFO] 2016-09-18 02:03:11 [msgagent] [./game/msgagent.lua:99] 13 is login
[INFO] 2016-09-18 02:03:11 [gated] [./game/gated.lua:33] notify agent uid=13 is real login
[INFO] 2016-09-18 02:03:11 [msgagent] [./game/msgagent.lua:112] 13 is real login
[INFO] 2016-09-18 02:03:11 [msgagent] [./game/msgagent.lua:113] call dcmgr to load user data uid=13
[INFO] 2016-09-18 02:03:11 [msgagent] [./game/msgagent.lua:176] calling to user.UserInfoRequest
[INFO] 2016-09-18 02:03:11 [msgagent] [./game/msgagent.lua:193] process user.UserInfoRequest time used 0.000000 ms
[INFO] 2016-09-18 02:03:40 [msgagent] [./game/msgagent.lua:99] 13 is login
[INFO] 2016-09-18 02:03:40 [gated] [./game/gated.lua:33] notify agent uid=13 is real login
[INFO] 2016-09-18 02:03:40 [msgagent] [./game/msgagent.lua:112] 13 is real login
[INFO] 2016-09-18 02:03:40 [msgagent] [./game/msgagent.lua:113] call dcmgr to load user data uid=13
[INFO] 2016-09-18 02:03:40 [msgagent] [./game/msgagent.lua:176] calling to user.UserInfoRequest
[INFO] 2016-09-18 02:03:40 [msgagent] [./game/msgagent.lua:193] process user.UserInfoRequest time used 0.000000 ms
[INFO] 2016-09-18 02:05:04 [msgagent] [./game/msgagent.lua:99] 13 is login
[INFO] 2016-09-18 02:05:04 [gated] [./game/gated.lua:33] notify agent uid=13 is real login
[INFO] 2016-09-18 02:05:04 [msgagent] [./game/msgagent.lua:112] 13 is real login
[INFO] 2016-09-18 02:05:04 [msgagent] [./game/msgagent.lua:113] call dcmgr to load user data uid=13
[INFO] 2016-09-18 02:05:04 [msgagent] [./game/msgagent.lua:176] calling to user.UserInfoRequest
[INFO] 2016-09-18 02:05:04 [msgagent] [./game/msgagent.lua:193] process user.UserInfoRequest time used 0.000000 ms
