[INFO] 2016-09-12 00:52:42 [logind] [./lualib/snax/login_server.lua:64] connect from 127.0.0.1:51626 (fd = 14)
[INFO] 2016-09-12 00:52:42 [logind] [./lualib/snax/login_server.lua:72] challenge is emNVS18QeXY=
[INFO] 2016-09-12 00:52:42 [logind] [./login/logind.lua:63] auth_handler is performing server=game token=80 sdkid=1
[INFO] 2016-09-12 00:52:42 [logind] [./login/logind.lua:35] register account succ uid=13
[INFO] 2016-09-12 00:52:42 [logind] [./login/logind.lua:74] 13@game is login, secret is dc2780de7917db8c
[INFO] 2016-09-12 00:52:42 [logind] [./login/logind.lua:93] uid=13 is logging to gameserver game ...
[INFO] 2016-09-12 00:52:42 [logind] [./login/logind.lua:99] uid=13 logged on gameserver game subid=1 ...
[INFO] 2016-09-12 00:52:50 [logind] [./lualib/snax/login_server.lua:64] connect from 127.0.0.1:51629 (fd = 16)
[INFO] 2016-09-12 00:52:50 [logind] [./lualib/snax/login_server.lua:72] challenge is RZ6D9qoB5Jg=
[INFO] 2016-09-12 00:52:50 [logind] [./login/logind.lua:63] auth_handler is performing server=game token=80 sdkid=1
[INFO] 2016-09-12 00:52:50 [logind] [./login/logind.lua:74] 13@game is login, secret is c9cf1a11f634d195
[INFO] 2016-09-12 00:52:50 [logind] [./login/logind.lua:79] call gameserver game to kick uid=13 subid=1 ...
[INFO] 2016-09-12 00:52:50 [logind] [./login/logind.lua:109] 13@game#1 is logout
[INFO] 2016-09-12 00:52:50 [logind] [./login/logind.lua:93] uid=13 is logging to gameserver game ...
[INFO] 2016-09-12 00:52:50 [logind] [./login/logind.lua:99] uid=13 logged on gameserver game subid=2 ...
[INFO] 2016-09-12 00:52:52 [logind] [./lualib/snax/login_server.lua:64] connect from 127.0.0.1:51632 (fd = 18)
[INFO] 2016-09-12 00:52:52 [logind] [./lualib/snax/login_server.lua:72] challenge is n4aD/5b8dRM=
[INFO] 2016-09-12 00:52:52 [logind] [./login/logind.lua:63] auth_handler is performing server=game token=80 sdkid=1
[INFO] 2016-09-12 00:52:52 [logind] [./login/logind.lua:74] 13@game is login, secret is 0fff9a0d8d55868d
[INFO] 2016-09-12 00:52:52 [logind] [./login/logind.lua:79] call gameserver game to kick uid=13 subid=2 ...
[INFO] 2016-09-12 00:52:52 [logind] [./login/logind.lua:109] 13@game#2 is logout
[INFO] 2016-09-12 00:52:52 [logind] [./login/logind.lua:93] uid=13 is logging to gameserver game ...
[INFO] 2016-09-12 00:52:52 [logind] [./login/logind.lua:99] uid=13 logged on gameserver game subid=3 ...
[INFO] 2016-09-12 00:52:55 [logind] [./lualib/snax/login_server.lua:64] connect from 127.0.0.1:51634 (fd = 19)
[INFO] 2016-09-12 00:52:55 [logind] [./lualib/snax/login_server.lua:72] challenge is 3/qvifuTIWE=
[INFO] 2016-09-12 00:52:55 [logind] [./login/logind.lua:63] auth_handler is performing server=game token=80 sdkid=1
[INFO] 2016-09-12 00:52:55 [logind] [./login/logind.lua:74] 13@game is login, secret is 066a5dd2d8b65157
[INFO] 2016-09-12 00:52:55 [logind] [./login/logind.lua:79] call gameserver game to kick uid=13 subid=3 ...
[INFO] 2016-09-12 00:52:55 [logind] [./login/logind.lua:109] 13@game#3 is logout
[INFO] 2016-09-12 00:52:55 [logind] [./login/logind.lua:93] uid=13 is logging to gameserver game ...
[INFO] 2016-09-12 00:52:55 [logind] [./login/logind.lua:99] uid=13 logged on gameserver game subid=4 ...
[INFO] 2016-09-12 00:53:55 [logind] [./login/logind.lua:109] 13@game#4 is logout
